<?xml version="1.0" encoding="UTF-8"?>
<!-- Generated by org.testng.reporters.JUnitXMLReporter -->
<testsuite hostname="Thangaraj" ignored="0" name="Login and Update Profile Test" tests="1" failures="1" timestamp="20 Jun 2018 19:36:01 GMT" time="36.467" errors="0">
  <testcase name="feature" time="35.126" classname="runner.TestRunner">
    <failure type="cucumber.runtime.CucumberException" message="java.lang.AssertionError: No element found with identifier name-username">
      <![CDATA[cucumber.runtime.CucumberException: java.lang.AssertionError: No element found with identifier name-username
	at cucumber.api.testng.TestNGCucumberRunner.runCucumber(TestNGCucumberRunner.java:69)
	at runner.TestRunner.feature(TestRunner.java:33)
	at java.util.concurrent.FutureTask.run(FutureTask.java:266)
	at java.util.concurrent.ThreadPoolExecutor.runWorker(ThreadPoolExecutor.java:1149)
	at java.util.concurrent.ThreadPoolExecutor$Worker.run(ThreadPoolExecutor.java:624)
	at java.lang.Thread.run(Thread.java:748)
Caused by: java.lang.AssertionError: No element found with identifier name-username
	at org.junit.Assert.fail(Assert.java:88)
	at actions.CommonActions.clearTextEvent(CommonActions.java:109)
	at actions.WebActions.actionClearText(WebActions.java:134)
	at pagefactory.LoginPage.actionClearInputsInLoginPage(LoginPage.java:66)
	at scriptrunner.ScriptRunnerOne.run(ScriptRunnerOne.java:37)
	at âœ½.And login with multiple Username and Password(EspressoMultiLogin.feature:6)
... Removed 16 stack frames]]>
    </failure>
  </testcase> <!-- feature -->
</testsuite> <!-- Login and Update Profile Test -->
